<?xml version="1.0" encoding="UTF-8"?>
<testsuite name="LoginTests" tests="2" skipped="0" failures="0" errors="0" timestamp="2026-09-03T17:12:48.955Z" hostname="DESKTOP-CBQ3G36" time="16.365">
  <properties/>
  <testcase name="SccsessefullLoginTest()" classname="LoginTests" time="16.355"/>
  <testcase name="UnSccsessefullLoginTest()" classname="LoginTests" time="0.0"/>
  <system-out><![CDATA[]]></system-out>
  <system-err><![CDATA[SLF4J(W): No SLF4J providers were found.
SLF4J(W): Defaulting to no-operation (NOP) logger implementation
SLF4J(W): See https://www.slf4j.org/codes.html#noProviders for further details.
сент. 04, 2026 3:12:52 AM org.openqa.selenium.devtools.CdpVersionFinder findNearestMatch
WARNING: Unable to find CDP implementation matching 152
сент. 04, 2026 3:12:52 AM org.openqa.selenium.chromium.ChromiumDriver lambda$new$3
WARNING: Unable to find version of CDP to use for 152.0.7977.65. You may need to include a dependency on a specific version of the CDP using something similar to `org.seleniumhq.selenium:selenium-devtools-v86:4.43.0` where the version ("v86") matches the version of the chromium-based browser you're using and the version number of the artifact is the same as Selenium's.
]]></system-err>
</testsuite>
